<?xml version="1.0" encoding="UTF-8"?>
<!-- Generated by org.testng.reporters.JUnitReportReporter -->
<testsuite skipped="0" hostname="DESKTOP-9AFI4DM" name="test.EdmodoStudentLoginpagetest" tests="1" failures="0" timestamp="10 Mar 2019 17:15:50 GMT" time="28.110" errors="0">
  <testcase name="login" time="28.110" classname="test.EdmodoStudentLoginpagetest"/>
</testsuite> <!-- test.EdmodoStudentLoginpagetest -->
